g:\bscvisualisationtechniques\bscvtbasicglutapp\debug\bscvtbasicglutapp.pch
g:\bscvisualisationtechniques\bscvtbasicglutapp\debug\stdafx.obj
g:\bscvisualisationtechniques\bscvtbasicglutapp\debug\vc100.pdb
g:\bscvisualisationtechniques\bscvtbasicglutapp\debug\bscvtbasicglutapp.obj
g:\bscvisualisationtechniques\debug\bscvtbasicglutapp.ilk
g:\bscvisualisationtechniques\debug\bscvtbasicglutapp.exe
g:\bscvisualisationtechniques\bscvtbasicglutapp\debug\bscvtbasicglutapp.exe.intermediate.manifest
g:\bscvisualisationtechniques\debug\bscvtbasicglutapp.pdb
g:\bscvisualisationtechniques\bscvtbasicglutapp\debug\bscvtbasicglutapp.exe.embed.manifest
g:\bscvisualisationtechniques\bscvtbasicglutapp\debug\bscvtbasicglutapp.exe.embed.manifest.res
c:\users\stb098\documents\visual studio 2015\projects\bscvisualisationtechniques\bscvtbasicglutapp\debug\bscvtbasicglutapp.obj
c:\users\stb098\documents\visual studio 2015\projects\bscvisualisationtechniques\bscvtbasicglutapp\debug\stdafx.obj
c:\users\stb098\documents\visual studio 2015\projects\bscvisualisationtechniques\bscvtbasicglutapp\debug\cl.command.1.tlog
c:\users\stb098\documents\visual studio 2015\projects\bscvisualisationtechniques\bscvtbasicglutapp\debug\cl.read.1.tlog
c:\users\stb098\documents\visual studio 2015\projects\bscvisualisationtechniques\bscvtbasicglutapp\debug\cl.write.1.tlog
c:\users\stb098\documents\visual studio 2015\projects\bscvisualisationtechniques\bscvtbasicglutapp\debug\link-cvtres.read.1.tlog
c:\users\stb098\documents\visual studio 2015\projects\bscvisualisationtechniques\bscvtbasicglutapp\debug\link-cvtres.write.1.tlog
c:\users\stb098\documents\visual studio 2015\projects\bscvisualisationtechniques\bscvtbasicglutapp\debug\link.command.1.tlog
c:\users\stb098\documents\visual studio 2015\projects\bscvisualisationtechniques\bscvtbasicglutapp\debug\link.read.1.tlog
c:\users\stb098\documents\visual studio 2015\projects\bscvisualisationtechniques\bscvtbasicglutapp\debug\link.write.1.tlog
c:\users\stb098\documents\visual studio 2015\projects\bscvisualisationtechniques\bscvtbasicglutapp\debug\mt.command.1.tlog
c:\users\stb098\documents\visual studio 2015\projects\bscvisualisationtechniques\bscvtbasicglutapp\debug\mt.read.1.tlog
c:\users\stb098\documents\visual studio 2015\projects\bscvisualisationtechniques\bscvtbasicglutapp\debug\mt.write.1.tlog
c:\users\stb098\documents\visual studio 2015\projects\bscvisualisationtechniques\bscvtbasicglutapp\debug\rc.command.1.tlog
c:\users\stb098\documents\visual studio 2015\projects\bscvisualisationtechniques\bscvtbasicglutapp\debug\rc.read.1.tlog
c:\users\stb098\documents\visual studio 2015\projects\bscvisualisationtechniques\bscvtbasicglutapp\debug\rc.write.1.tlog
c:\users\stb098\documents\visual studio 2015\projects\bscvisualisationtechniques\bscvtbasicglutapp\debug\bscvtbasicglutapp.exe.embed.manifest
c:\users\stb098\documents\visual studio 2015\projects\bscvisualisationtechniques\bscvtbasicglutapp\debug\bscvtbasicglutapp.exe.intermediate.manifest
c:\users\stb098\documents\visual studio 2015\projects\bscvisualisationtechniques\bscvtbasicglutapp\debug\bscvtbasicglutapp.exe.embed.manifest.res
c:\users\stb098\documents\visual studio 2015\projects\bscvisualisationtechniques\bscvtbasicglutapp\debug\bscvtbasicglutapp.pch
c:\users\stb098\documents\visual studio 2015\projects\bscvisualisationtechniques\bscvtbasicglutapp\debug\vc100.idb
c:\users\stb098\documents\visual studio 2015\projects\bscvisualisationtechniques\bscvtbasicglutapp\debug\vc80.idb
c:\users\stb098\documents\visual studio 2015\projects\bscvisualisationtechniques\bscvtbasicglutapp\debug\vc100.pdb
c:\users\stb098\documents\visual studio 2015\projects\bscvisualisationtechniques\bscvtbasicglutapp\debug\vc80.pdb
c:\users\stb098\documents\visual studio 2015\projects\bscvisualisationtechniques\bscvtbasicglutapp\debug\bscvtbasicglutapp_manifest.rc
c:\users\stb098\documents\visual studio 2015\projects\bscvisualisationtechniques\debug\bscvtbasicglutapp.pdb
c:\users\stb098\documents\visual studio 2015\projects\bscvisualisationtechniques\debug\bscvtbasicglutapp.exe
c:\users\stb098\documents\visual studio 2015\projects\bscvisualisationtechniques\debug\bscvtbasicglutapp.ilk
